<?xml version="1.0" encoding="UTF-8"?>
<testsuite name="com.example.newsplatform.ExampleTest" tests="1" skipped="0" failures="0" errors="0" timestamp="2025-08-12T14:10:23" hostname="Romans-MacBook-Air.local" time="0.083">
  <properties/>
  <testcase name="testSomething()" classname="com.example.newsplatform.ExampleTest" time="0.083"/>
  <system-out><![CDATA[]]></system-out>
  <system-err><![CDATA[]]></system-err>
</testsuite>
